YcClassBoard/app/build/outputs/logs/manifest-merger-debug-report.txt
-- Merging decision tree log ---
manifest
ADDED from src\main\AndroidManifest.xml:2:1-64:12
	package
		ADDED from src\main\AndroidManifest.xml:3:1-18
		INJECTED from src\main\AndroidManifest.xml
		INJECTED from src\main\AndroidManifest.xml
	android:versionName
		ADDED from src\main\AndroidManifest.xml:5:1-27
		INJECTED from src\main\AndroidManifest.xml
		INJECTED from src\main\AndroidManifest.xml
	android:versionCode
		ADDED from src\main\AndroidManifest.xml:4:1-24
		INJECTED from src\main\AndroidManifest.xml
		INJECTED from src\main\AndroidManifest.xml
	xmlns:android
		ADDED from src\main\AndroidManifest.xml:2:11-69
uses-permission#android.permission.ACCESS_NETWORK_STATE
ADDED from src\main\AndroidManifest.xml:6:1-75
MERGED from [YcClassBoard:vitamio:unspecified] AndroidManifest.xml:13:5-79
	android:name
		ADDED from src\main\AndroidManifest.xml:6:18-72
uses-permission#android.permission.ACCESS_WIFI_STATE
ADDED from src\main\AndroidManifest.xml:7:1-71
	android:name
		ADDED from src\main\AndroidManifest.xml:7:18-69
uses-permission#android.permission.INTERNET
ADDED from src\main\AndroidManifest.xml:8:1-63
MERGED from [YcClassBoard:vitamio:unspecified] AndroidManifest.xml:12:5-67
	android:name
		ADDED from src\main\AndroidManifest.xml:8:18-60
uses-permission#android.permission.CAMERA
ADDED from src\main\AndroidManifest.xml:9:1-61
	android:name
		ADDED from src\main\AndroidManifest.xml:9:18-58
uses-permission#android.permission.WRITE_EXTERNAL_STORAGE
ADDED from src\main\AndroidManifest.xml:10:1-76
	android:name
		ADDED from src\main\AndroidManifest.xml:10:18-74
uses-permission#android.permission.READ_PHONE_STATE
ADDED from src\main\AndroidManifest.xml:11:1-70
	android:name
		ADDED from src\main\AndroidManifest.xml:11:18-68
uses-permission#android.permission.MOUNT_UNMOUNT_FILESYSTEMS
ADDED from src\main\AndroidManifest.xml:12:1-79
	android:name
		ADDED from src\main\AndroidManifest.xml:12:18-77
uses-permission#android.permission.RECEIVE_BOOT_COMPLETED
ADDED from src\main\AndroidManifest.xml:13:1-76
	android:name
		ADDED from src\main\AndroidManifest.xml:13:18-74
receiver#com.bjw.MyReceiver
ADDED from src\main\AndroidManifest.xml:15:5-22:16
	android:enabled
		ADDED from src\main\AndroidManifest.xml:17:9-31
	android:exported
		ADDED from src\main\AndroidManifest.xml:18:9-32
	android:name
		ADDED from src\main\AndroidManifest.xml:16:9-35
intent-filter#android.intent.action.BOOT_COMPLETED
ADDED from src\main\AndroidManifest.xml:19:9-21:25
	android:priority
		ADDED from src\main\AndroidManifest.xml:19:24-47
action#android.intent.action.BOOT_COMPLETED
ADDED from src\main\AndroidManifest.xml:20:13-82
	android:name
		ADDED from src\main\AndroidManifest.xml:20:21-72
application
ADDED from src\main\AndroidManifest.xml:24:1-63:15
MERGED from [YcClassBoard:vitamio:unspecified] AndroidManifest.xml:15:5-22:19
MERGED from [com.android.support:support-compat:25.3.0] AndroidManifest.xml:29:5-20
	android:label
		ADDED from src\main\AndroidManifest.xml:26:5-37
	android:icon
		ADDED from src\main\AndroidManifest.xml:25:5-34
activity#com.bjw.MainFragment.ChooseLabActivity
ADDED from src\main\AndroidManifest.xml:27:5-36:16
	android:label
		ADDED from src\main\AndroidManifest.xml:28:9-41
	android:configChanges
		ADDED from src\main\AndroidManifest.xml:30:9-53
	android:name
		ADDED from src\main\AndroidManifest.xml:29:9-55
intent-filter#android.intent.action.MAIN+android.intent.category.DEFAULT+android.intent.category.LAUNCHER
ADDED from src\main\AndroidManifest.xml:31:9-35:25
action#android.intent.action.MAIN
ADDED from src\main\AndroidManifest.xml:32:13-65
	android:name
		ADDED from src\main\AndroidManifest.xml:32:21-62
category#android.intent.category.LAUNCHER
ADDED from src\main\AndroidManifest.xml:33:13-73
	android:name
		ADDED from src\main\AndroidManifest.xml:33:23-70
category#android.intent.category.DEFAULT
ADDED from src\main\AndroidManifest.xml:34:13-71
	android:name
		ADDED from src\main\AndroidManifest.xml:34:23-69
activity#com.bjw.MainFragment.LoadingActivity
ADDED from src\main\AndroidManifest.xml:37:5-38:56
	android:name
		ADDED from src\main\AndroidManifest.xml:38:9-53
activity#com.bjw.ComAssistant.ComAssistantActivity
ADDED from src\main\AndroidManifest.xml:39:5-40:61
	android:name
		ADDED from src\main\AndroidManifest.xml:40:9-58
activity#com.bjw.MainFragment.MainFragment
ADDED from src\main\AndroidManifest.xml:41:5-43:53
	android:icon
		ADDED from src\main\AndroidManifest.xml:42:9-38
	android:name
		ADDED from src\main\AndroidManifest.xml:43:9-50
activity#com.bjw.LabDeviceInfo.LabDeviceOperateActivity
ADDED from src\main\AndroidManifest.xml:44:5-45:66
	android:name
		ADDED from src\main\AndroidManifest.xml:45:9-63
activity#com.bjw.LabDeviceInfo.LabDeviceVideoActivity
ADDED from src\main\AndroidManifest.xml:46:5-47:64
	android:name
		ADDED from src\main\AndroidManifest.xml:47:9-61
activity#io.vov.vitamio.activity.InitActivity
ADDED from src\main\AndroidManifest.xml:48:5-53:59
MERGED from [YcClassBoard:vitamio:unspecified] AndroidManifest.xml:16:9-21:63
	android:launchMode
		ADDED from src\main\AndroidManifest.xml:51:9-39
	android:windowSoftInputMode
		ADDED from src\main\AndroidManifest.xml:53:9-56
	android:configChanges
		ADDED from src\main\AndroidManifest.xml:50:9-109
	android:theme
		ADDED from src\main\AndroidManifest.xml:52:9-56
	android:name
		ADDED from src\main\AndroidManifest.xml:49:9-60
service#com.bjw.Service.SerialReadService
ADDED from src\main\AndroidManifest.xml:54:5-57
	android:name
		ADDED from src\main\AndroidManifest.xml:54:14-55
service#com.bjw.Service.ChangeCourseService
ADDED from src\main\AndroidManifest.xml:55:5-59
	android:name
		ADDED from src\main\AndroidManifest.xml:55:14-57
service#com.bjw.Service.ChangeTimeService
ADDED from src\main\AndroidManifest.xml:56:5-57
	android:name
		ADDED from src\main\AndroidManifest.xml:56:14-55
service#com.bjw.Service.GetCourseAndCardInfoService
ADDED from src\main\AndroidManifest.xml:57:5-67
	android:name
		ADDED from src\main\AndroidManifest.xml:57:14-65
service#com.bjw.Service.ChangeCardInfoService
ADDED from src\main\AndroidManifest.xml:58:5-61
	android:name
		ADDED from src\main\AndroidManifest.xml:58:14-59
service#com.bjw.Service.CheckInternetService
ADDED from src\main\AndroidManifest.xml:59:5-60
	android:name
		ADDED from src\main\AndroidManifest.xml:59:14-58
service#com.bjw.Service.DownLoadService
ADDED from src\main\AndroidManifest.xml:60:5-55
	android:name
		ADDED from src\main\AndroidManifest.xml:60:14-53
service#com.bjw.Service.RefreshMessageService
ADDED from src\main\AndroidManifest.xml:61:5-61
	android:name
		ADDED from src\main\AndroidManifest.xml:61:14-59
service#com.bjw.Service.UpdateVersionService
ADDED from src\main\AndroidManifest.xml:62:5-60
	android:name
		ADDED from src\main\AndroidManifest.xml:62:14-58
uses-sdk
INJECTED from src\main\AndroidManifest.xml reason: use-sdk injection requested
MERGED from [YcClassBoard:vitamio:unspecified] AndroidManifest.xml:7:5-9:41
MERGED from [com.jakewharton:butterknife:8.8.1] AndroidManifest.xml:5:5-43
MERGED from [com.android.support:support-compat:25.3.0] AndroidManifest.xml:21:5-23:58
	tools:overrideLibrary
		ADDED from [com.android.support:support-compat:25.3.0] AndroidManifest.xml:23:9-55
	android:targetSdkVersion
		INJECTED from src\main\AndroidManifest.xml
		INJECTED from src\main\AndroidManifest.xml
	android:minSdkVersion
		INJECTED from src\main\AndroidManifest.xml
		INJECTED from src\main\AndroidManifest.xml
uses-permission#android.permission.WAKE_LOCK
ADDED from [YcClassBoard:vitamio:unspecified] AndroidManifest.xml:11:5-68
	android:name
		ADDED from [YcClassBoard:vitamio:unspecified] AndroidManifest.xml:11:22-65
meta-data#android.support.VERSION
ADDED from [com.android.support:support-compat:25.3.0] AndroidManifest.xml:25:5-27:34
	android:value
		ADDED from [com.android.support:support-compat:25.3.0] AndroidManifest.xml:27:9-31
	android:name
		ADDED from [com.android.support:support-compat:25.3.0] AndroidManifest.xml:26:9-47